<?xml version="1.0" encoding="UTF-8"?>
<coverage generated="1583253465955" clover="3.2.0">
  <project timestamp="1583253465955" name="All files">
    <metrics statements="11" coveredstatements="11" conditionals="3" coveredconditionals="3" methods="6" coveredmethods="6" elements="20" coveredelements="20" complexity="0" loc="11" ncloc="11" packages="1" files="1" classes="1"/>
    <file name="randomColor.ts" path="/Users/petrihanninen/code/project-base/src/resources/randomColor.ts">
      <metrics statements="11" coveredstatements="11" conditionals="3" coveredconditionals="3" methods="6" coveredmethods="6"/>
      <line num="7" count="2" type="stmt"/>
      <line num="8" count="18" type="cond" truecount="1" falsecount="0"/>
      <line num="10" count="6" type="stmt"/>
      <line num="17" count="3" type="stmt"/>
      <line num="19" count="24" type="stmt"/>
      <line num="21" count="2" type="stmt"/>
      <line num="22" count="5" type="stmt"/>
      <line num="26" count="5" type="stmt"/>
      <line num="27" count="5" type="stmt"/>
      <line num="29" count="5" type="cond" truecount="2" falsecount="0"/>
      <line num="31" count="5" type="stmt"/>
    </file>
  </project>
</coverage>
