{"/Users/petrihanninen/code/project-base/src/resources/randomColor.ts": {"path":"/Users/petrihanninen/code/project-base/src/resources/randomColor.ts","statementMap":{"0":{"start":{"line":7,"column":29},"end":{"line":15,"column":1}},"1":{"start":{"line":8,"column":10},"end":{"line":8,"column":134}},"2":{"start":{"line":8,"column":65},"end":{"line":8,"column":134}},"3":{"start":{"line":10,"column":2},"end":{"line":14,"column":5}},"4":{"start":{"line":17,"column":27},"end":{"line":17,"column":61}},"5":{"start":{"line":17,"column":33},"end":{"line":17,"column":61}},"6":{"start":{"line":19,"column":24},"end":{"line":19,"column":109}},"7":{"start":{"line":19,"column":37},"end":{"line":19,"column":109}},"8":{"start":{"line":19,"column":68},"end":{"line":19,"column":99}},"9":{"start":{"line":21,"column":31},"end":{"line":32,"column":1}},"10":{"start":{"line":22,"column":17},"end":{"line":25,"column":3}},"11":{"start":{"line":26,"column":21},"end":{"line":26,"column":23}},"12":{"start":{"line":27,"column":20},"end":{"line":27,"column":76}},"13":{"start":{"line":29,"column":14},"end":{"line":29,"column":66}},"14":{"start":{"line":31,"column":2},"end":{"line":31,"column":34}}},"fnMap":{"0":{"name":"(anonymous_0)","decl":{"start":{"line":7,"column":29},"end":{"line":7,"column":30}},"loc":{"start":{"line":7,"column":49},"end":{"line":15,"column":1}},"line":7},"1":{"name":"(anonymous_1)","decl":{"start":{"line":8,"column":10},"end":{"line":8,"column":11}},"loc":{"start":{"line":8,"column":65},"end":{"line":8,"column":134}},"line":8},"2":{"name":"(anonymous_2)","decl":{"start":{"line":17,"column":27},"end":{"line":17,"column":28}},"loc":{"start":{"line":17,"column":33},"end":{"line":17,"column":61}},"line":17},"3":{"name":"(anonymous_3)","decl":{"start":{"line":19,"column":24},"end":{"line":19,"column":25}},"loc":{"start":{"line":19,"column":37},"end":{"line":19,"column":109}},"line":19},"4":{"name":"(anonymous_4)","decl":{"start":{"line":19,"column":63},"end":{"line":19,"column":64}},"loc":{"start":{"line":19,"column":68},"end":{"line":19,"column":99}},"line":19},"5":{"name":"(anonymous_5)","decl":{"start":{"line":21,"column":31},"end":{"line":21,"column":32}},"loc":{"start":{"line":21,"column":45},"end":{"line":32,"column":1}},"line":21}},"branchMap":{"0":{"loc":{"start":{"line":8,"column":22},"end":{"line":8,"column":60}},"type":"default-arg","locations":[{"start":{"line":8,"column":26},"end":{"line":8,"column":60}}],"line":8},"1":{"loc":{"start":{"line":29,"column":14},"end":{"line":29,"column":66}},"type":"cond-expr","locations":[{"start":{"line":29,"column":39},"end":{"line":29,"column":51}},{"start":{"line":29,"column":54},"end":{"line":29,"column":66}}],"line":29}},"s":{"0":2,"1":6,"2":18,"3":6,"4":2,"5":3,"6":2,"7":8,"8":24,"9":2,"10":5,"11":5,"12":5,"13":5,"14":5},"f":{"0":6,"1":18,"2":3,"3":8,"4":24,"5":5},"b":{"0":[18],"1":[3,2]},"_coverageSchema":"43e27e138ebf9cfc5966b082cf9a028302ed4184","hash":"a2db22bbf73e19750ee208e34c3584ae0c16b62d"}
}
