TN:
SF:/Users/petrihanninen/code/project-base/src/resources/randomColor.ts
FN:7,(anonymous_0)
FN:8,(anonymous_1)
FN:17,(anonymous_2)
FN:19,(anonymous_3)
FN:19,(anonymous_4)
FN:21,(anonymous_5)
FNF:6
FNH:6
FNDA:6,(anonymous_0)
FNDA:18,(anonymous_1)
FNDA:3,(anonymous_2)
FNDA:8,(anonymous_3)
FNDA:24,(anonymous_4)
FNDA:5,(anonymous_5)
DA:7,2
DA:8,18
DA:10,6
DA:17,3
DA:19,24
DA:21,2
DA:22,5
DA:26,5
DA:27,5
DA:29,5
DA:31,5
LF:11
LH:11
BRDA:8,0,0,18
BRDA:29,1,0,3
BRDA:29,1,1,2
BRF:3
BRH:3
end_of_record
